<?xml version="1.0" encoding="UTF-8"?>
<!-- Generated by org.testng.reporters.JUnitReportReporter -->
<testsuite hostname="lenovo-PC" failures="0" tests="1" name="TestClass.KiteTest" time="12.346" errors="0" timestamp="2022-09-09T09:00:59 IST" skipped="0">
  <testcase classname="TestClass.KiteTest" name="verifyuserID" time="12.346"/>
  <system-out>
    <![CDATA[running verify user id]]>
  </system-out>
</testsuite> <!-- TestClass.KiteTest -->
